<?xml version="1.0" encoding="UTF-8" ?>
<testsuites disabled="0" errors="0" failures="0" tests="5" time="32.503">
 <testsuite name="MapConU" timestamp="2020-03-28T20:11:37" hostname="localhost" time="32.503" errors="0" tests="5" skipped="0" disabled="0" failures="0">
  <testcase classname="MapConU" name="Has MapConU as the Title " time="10.122" />
  <testcase classname="MapConU" name="Should toggle Campuses when selected at top of the UI" time="5.93" />
  <testcase classname="MapConU" name="Should open up the bus schedule" time="5.559" />
  <testcase classname="MapConU" name="Should look up Hall building in the searchbar" time="5.71" />
  <testcase classname="MapConU" name="Should bring up a menu to input current address and destination address" time="5.176" />
 </testsuite>
</testsuites>