<?xml version="1.0" encoding="UTF-8" ?>
<testsuites disabled="0" errors="0" failures="0" tests="2" time="5.089">
 <testsuite name="new App" timestamp="2020-02-28T12:10:32" hostname="localhost" time="5.089" errors="0" tests="2" skipped="0" disabled="0" failures="0">
  <testcase classname="new App" name="Has MapConU as the Title " time="2.025" />
  <testcase classname="new App" name="Current Campus should toggle when selected at top of the UI" time="3.06" />
 </testsuite>
</testsuites>