<?xml version="1.0" encoding="UTF-8" ?>
<testsuites disabled="0" errors="0" failures="0" tests="8" time="49.061">
 <testsuite name="MapConU" timestamp="2020-04-18T20:26:04" hostname="localhost" time="49.061" errors="0" tests="8" skipped="0" disabled="0" failures="0">
  <testcase classname="MapConU" name="Has MapConU as the Title " time="8.171" />
  <testcase classname="MapConU" name="Should toggle Campuses when selected at top of the UI" time="5.925" />
  <testcase classname="MapConU" name="Should open up the bus schedule" time="6.007" />
  <testcase classname="MapConU" name="Should look up Hall building in the searchbar" time="5.641" />
  <testcase classname="MapConU" name="Should bring up a menu to input current address and destination address" time="5.914" />
  <testcase classname="MapConU" name="Should direct to settings page" time="5.578" />
  <testcase classname="MapConU" name="Should change the language of the settings page" time="5.837" />
  <testcase classname="MapConU" name="Should change the language of the outdoor page" time="5.984" />
 </testsuite>
</testsuites>