<?xml version="1.0" encoding="UTF-8" ?>
<testsuites disabled="0" errors="0" failures="0" tests="4" time="15.87">
 <testsuite name="new App" timestamp="2020-03-28T14:58:42" hostname="localhost" time="15.87" errors="0" tests="4" skipped="0" disabled="0" failures="0">
  <testcase classname="new App" name="Has MapConU as the Title " time="7.789" />
  <testcase classname="new App" name="Should toggle Campuses when selected at top of the UI" time="2.997" />
  <testcase classname="new App" name="Should open up the bus schedule" time="2.452" />
  <testcase classname="new App" name="Should look up Hall building in the searchbar" time="2.628" />
 </testsuite>
</testsuites>