<?xml version="1.0" encoding="UTF-8" ?>
<testsuites disabled="0" errors="0" failures="0" tests="5" time="32.626">
 <testsuite name="MapConU" timestamp="2020-03-28T20:18:04" hostname="localhost" time="32.626" errors="0" tests="5" skipped="0" disabled="0" failures="0">
  <testcase classname="MapConU" name="Has MapConU as the Title " time="9.193" />
  <testcase classname="MapConU" name="Should toggle Campuses when selected at top of the UI" time="6.221" />
  <testcase classname="MapConU" name="Should open up the bus schedule" time="5.86" />
  <testcase classname="MapConU" name="Should look up Hall building in the searchbar" time="5.694" />
  <testcase classname="MapConU" name="Should bring up a menu to input current address and destination address" time="5.654" />
 </testsuite>
</testsuites>